[2018-05-08 17:17:45] - add mail----start
[2018-05-08 17:17:48] - 配置邮件---------测试通过
[2018-05-08 17:17:48] - add mail----end

[2018-05-08 17:17:48] - mod mail----start
[2018-05-08 17:17:50] - 编辑邮件---------测试通过
[2018-05-08 17:17:50] - mod mail----end

[2018-05-08 17:17:50] - test mail----start
[2018-05-08 17:17:52] - 测试邮件---------测试通过
[2018-05-08 17:17:52] - test mail----end

[2018-05-08 17:18:09] - check mail----start
[2018-05-08 17:18:43] - 发送服务器地址为a,点击测试---------测试通过
[2018-05-08 17:19:23] - 发送方用户名为a,点击测试---------测试通过
[2018-05-08 17:22:25] - 发送方口令输入1，点击测试---------测试通过
[2018-05-08 17:22:39] - 发送服务器地址为a,点击保存---------测试通过
[2018-05-08 17:22:42] - 发送方用户名为a,点击保存---------测试通过
[2018-05-08 17:25:33] - check mail----start
[2018-05-08 17:25:42] - 发送服务器地址为a,点击测试---------测试通过
[2018-05-08 17:26:05] - 发送方用户名为a,点击测试---------测试通过
[2018-05-08 17:27:01] - 发送方口令输入1，点击测试---------测试未通过
[2018-05-08 17:27:08] - 发送服务器地址为a,点击保存---------测试通过
[2018-05-08 17:27:11] - 发送方用户名为a,点击保存---------测试通过
[2018-05-08 17:28:58] - check mail----start
[2018-05-08 17:28:59] - 发送服务器地址为a,点击测试---------测试通过
[2018-05-08 17:29:02] - 发送方用户名为a,点击测试---------测试通过
[2018-05-08 17:29:05] - 发送方口令输入1，点击测试---------测试通过
[2018-05-08 17:29:08] - 发送服务器地址为a,点击保存---------测试通过
[2018-05-08 17:29:12] - 发送方用户名为a,点击保存---------测试通过
[2018-05-08 17:29:15] - 发送方口令输入1，点击保存---------测试通过
[2018-05-08 17:29:19] - 正确配置---------测试通过
[2018-05-08 17:29:21] - check mail----end

[2018-05-08 17:30:55] - add mail----start
[2018-05-08 17:30:57] - 配置邮件---------测试通过
[2018-05-08 17:30:57] - add mail----end

[2018-05-08 17:30:57] - mod mail----start
[2018-05-08 17:30:59] - 编辑邮件---------测试通过
[2018-05-08 17:30:59] - mod mail----end

[2018-05-08 17:30:59] - test mail----start
[2018-05-08 17:31:01] - 测试邮件---------测试通过
[2018-05-08 17:31:01] - test mail----end

[2018-05-08 17:31:01] - check mail----start
[2018-05-08 17:31:03] - 发送服务器地址为a,点击测试---------测试通过
[2018-05-08 17:31:06] - 发送方用户名为a,点击测试---------测试通过
[2018-05-08 17:31:09] - 发送方口令输入1，点击测试---------测试通过
[2018-05-08 17:31:12] - 发送服务器地址为a,点击保存---------测试通过
[2018-05-08 17:31:15] - 发送方用户名为a,点击保存---------测试通过
[2018-05-08 17:31:18] - 发送方口令输入1，点击保存---------测试通过
[2018-05-08 17:31:22] - 正确配置---------测试通过
[2018-05-08 17:31:24] - check mail----end

[2018-05-08 17:31:24] - condition mail----start
[2018-05-08 17:31:27] - 测试开关，状态为关！---------测试通过
[2018-05-08 17:31:32] - 测试开关，状态为开！---------测试通过
[2018-05-08 17:31:37] - condition mail----end

[2018-05-08 17:42:19] - add passwd envelope----start
[2018-05-08 17:42:21] - 配置密码信封---------测试通过
[2018-05-08 17:42:21] - add passwd envelope----end

[2018-05-08 17:42:21] - upload passwd envelope----start
[2018-05-08 17:42:32] - upload passwd envelope----end

[2018-05-08 17:42:32] - sync passwd envelope----start
[2018-05-08 17:42:36] - 同步图片---------测试通过
[2018-05-08 17:42:36] - sync passwd envelope----end

[2018-05-08 17:42:36] - mode passwd envelope----start
[2018-05-08 17:42:38] - 编辑密码信封---------测试通过
[2018-05-08 17:42:38] - mode passwd envelope----end

[2018-05-08 17:42:38] - check passwd envelope----start
[2018-05-08 17:42:40] - 公司（信封抬头）为空时---------测试通过
[2018-05-08 17:42:43] - 打印服务器IP为空---------测试通过
[2018-05-08 17:42:45] - 打印服务器监听端口为空---------测试通过
[2018-05-08 17:42:48] - 打印服务器文件监听端口为空---------测试通过
[2018-05-08 17:42:52] - 打印服务器IP为qw---------测试通过
[2018-05-08 17:42:55] - 打印服务器监听端口为qw---------测试通过
[2018-05-08 17:42:58] - 打印服务器文件监听端口为qw---------测试通过
[2018-05-08 17:43:00] - check passwd envelope----end

[2018-05-08 17:44:27] - add passwd envelope----start
[2018-05-08 17:44:29] - 配置密码信封---------测试通过
[2018-05-08 17:44:29] - add passwd envelope----end

[2018-05-08 17:44:35] - upload passwd envelope----start
[2018-05-08 17:47:13] - add passwd envelope----start
[2018-05-08 17:47:15] - 配置密码信封---------测试通过
[2018-05-08 17:47:15] - add passwd envelope----end

[2018-05-08 17:47:15] - upload passwd envelope----start
[2018-05-08 17:47:20] - 浏览、上传图片---------测试通过
[2018-05-08 17:47:20] - upload passwd envelope----end

[2018-05-08 17:47:20] - sync passwd envelope----start
[2018-05-08 17:47:24] - 同步图片---------测试通过
[2018-05-08 17:47:24] - sync passwd envelope----end

[2018-05-08 17:47:24] - mode passwd envelope----start
[2018-05-08 17:47:26] - 编辑密码信封---------测试通过
[2018-05-08 17:47:26] - mode passwd envelope----end

[2018-05-08 17:47:26] - check passwd envelope----start
[2018-05-08 17:47:28] - 公司（信封抬头）为空时---------测试通过
[2018-05-08 17:47:31] - 打印服务器IP为空---------测试通过
[2018-05-08 17:47:34] - 打印服务器监听端口为空---------测试通过
[2018-05-08 17:47:37] - 打印服务器文件监听端口为空---------测试通过
[2018-05-08 17:47:41] - 打印服务器IP为qw---------测试通过
[2018-05-08 17:47:44] - 打印服务器监听端口为qw---------测试通过
[2018-05-08 17:47:47] - 打印服务器文件监听端口为qw---------测试通过
[2018-05-08 17:47:49] - check passwd envelope----end

